#1
_program
  #1
  _class
    Main
    IO
    "grading/io.test"
    (
    #2
    _attr
      x
      Int
      #0
      _no_expr
      : _no_type
    #3
    _attr
      y
      String
      #0
      _no_expr
      : _no_type
    #4
    _method
      main
      Object
      #4
      _block
        #5
        _dispatch
          #5
          _object
            self
          : SELF_TYPE
          out_string
          (
          #5
          _string
            "test"
          : String
          )
        : Main
        #6
        _dispatch
          #6
          _object
            self
          : SELF_TYPE
          out_int
          (
          #6
          _int
            5
          : Int
          )
        : Main
        #7
        _assign
          y
          #7
          _dispatch
            #7
            _object
              self
            : SELF_TYPE
            in_string
            (
            )
          : String
        : String
        #8
        _assign
          x
          #8
          _dispatch
            #8
            _object
              self
            : SELF_TYPE
            in_int
            (
            )
          : Int
        : Int
      : Int
    )
